Activated environment: timeset
Thu Nov  7 16:45:48 2024       
+-----------------------------------------------------------------------------------------+
| NVIDIA-SMI 560.35.03              Driver Version: 560.35.03      CUDA Version: 12.6     |
|-----------------------------------------+------------------------+----------------------+
| GPU  Name                 Persistence-M | Bus-Id          Disp.A | Volatile Uncorr. ECC |
| Fan  Temp   Perf          Pwr:Usage/Cap |           Memory-Usage | GPU-Util  Compute M. |
|                                         |                        |               MIG M. |
|=========================================+========================+======================|
|   0  NVIDIA A100-SXM4-80GB          On  |   00000000:01:00.0 Off |                    0 |
| N/A   30C    P0             60W /  500W |       1MiB /  81920MiB |      0%      Default |
|                                         |                        |             Disabled |
+-----------------------------------------+------------------------+----------------------+
                                                                                         
+-----------------------------------------------------------------------------------------+
| Processes:                                                                              |
|  GPU   GI   CI        PID   Type   Process name                              GPU Memory |
|        ID   ID                                                               Usage      |
|=========================================================================================|
|  No running processes found                                                             |
+-----------------------------------------------------------------------------------------+
trainable params: 4,587,520 || all params: 3,217,340,416 || trainable%: 0.1426
trainable params: 4,587,520 || all params: 3,217,340,416 || trainable%: 0.1426
trainable params: 4,587,520 || all params: 3,217,340,416 || trainable%: 0.1426
trainable params: 18,350,080 || all params: 3,231,102,976 || trainable%: 0.5679
trainable params: 18,350,080 || all params: 3,231,102,976 || trainable%: 0.5679
